warning: Error disabling address space randomization: Operation not permitted
reading...
reading binary from main
Loading 'main'...
getNumCores: 14
[New LWP 18]
[New LWP 19]
[New LWP 20]
[New LWP 21]
[New LWP 22]
[New LWP 23]
[New LWP 24]
[New LWP 25]
[New LWP 26]
[New LWP 27]
[New LWP 28]
[New LWP 29]
[New LWP 30]
[New LWP 31]
running passes...
[PassRunner] running passes
[PassRunner]   running pass: asyncify... 4.32233 seconds.
[PassRunner]   (validating)
[PassRunner] passes took 4.32233 seconds.
[PassRunner] (final validation)
[PassRunner] running passes
[PassRunner]   running pass: duplicate-function-elimination... [PassRunner] running nested passes
[PassRunner]   running pass: ... 0.0443138 seconds.
[PassRunner] nested passes took 0.0443138 seconds.
[PassRunner] running nested passes
[PassRunner]   running pass: ... 0.0461553 seconds.
[PassRunner] nested passes took 0.0461553 seconds.
[PassRunner] running nested passes
[PassRunner]   running pass: ... 0.0439625 seconds.
[PassRunner] nested passes took 0.0439625 seconds.
[PassRunner] running nested passes
[PassRunner]   running pass: ... 0.0434258 seconds.
[PassRunner] nested passes took 0.0434258 seconds.
[PassRunner] running nested passes
[PassRunner]   running pass: ... 0.0441516 seconds.
[PassRunner] nested passes took 0.0441516 seconds.
[PassRunner] running nested passes
[PassRunner]   running pass: ... 0.0431191 seconds.
[PassRunner] nested passes took 0.0431191 seconds.
[PassRunner] running nested passes
[PassRunner]   running pass: ... 0.0444908 seconds.
[PassRunner] nested passes took 0.0444908 seconds.
0.320237 seconds.
[PassRunner]   (validating)
[PassRunner]   running pass: remove-unused-module-elements...  0.0765737 seconds.
[PassRunner]   (validating)
[PassRunner]   running pass: memory-packing...                 [PassRunner] running nested passes
[PassRunner]   running pass: ... 0.0450816 seconds.
[PassRunner] nested passes took 0.0450816 seconds.
[PassRunner] running nested passes
[PassRunner]   running pass: ... 0.0462913 seconds.
[PassRunner] nested passes took 0.0462913 seconds.
0.0985916 seconds.
[PassRunner]   (validating)
[PassRunner]   running pass: once-reduction...                 [PassRunner] running nested passes
[PassRunner]   running pass: ... 0.0461862 seconds.
[PassRunner] nested passes took 0.0461862 seconds.
0.0473307 seconds.
[PassRunner]   (validating)
[PassRunner]   running pass: ssa-nomerge...                    4.49567 seconds.
[PassRunner]   (validating)
[PassRunner]   running pass: dce...                            0.389371 seconds.
[PassRunner]   (validating)
[PassRunner]   running pass: remove-unused-names...            0.0770607 seconds.
[PassRunner]   (validating)
[PassRunner]   running pass: remove-unused-brs...              0.245045 seconds.
[PassRunner]   (validating)
[PassRunner]   running pass: remove-unused-names...            0.0893506 seconds.
[PassRunner]   (validating)
[PassRunner]   running pass: optimize-instructions...          0.45976 seconds.
[PassRunner]   (validating)
[PassRunner]   running pass: pick-load-signs...                0.094853 seconds.
[PassRunner]   (validating)
[PassRunner]   running pass: precompute-propagate...           4.36716 seconds.
[PassRunner]   (validating)
[PassRunner]   running pass: code-pushing...                   0.154816 seconds.
[PassRunner]   (validating)
[PassRunner]   running pass: tuple-optimization...             0.000720715 seconds.
[PassRunner]   (validating)
[PassRunner]   running pass: simplify-locals-nostructure...    0.631911 seconds.
[PassRunner]   (validating)
[PassRunner]   running pass: vacuum...                         0.197197 seconds.
[PassRunner]   (validating)
[PassRunner]   running pass: reorder-locals...                 0.0909153 seconds.
[PassRunner]   (validating)
[PassRunner]   running pass: remove-unused-brs...              0.190151 seconds.
[PassRunner]   (validating)
[PassRunner]   running pass: merge-locals...                   3.95632 seconds.
[PassRunner]   (validating)
[PassRunner]   running pass: coalesce-locals...                0.351794 seconds.
[PassRunner]   (validating)
[PassRunner]   running pass: local-cse...                      0.248224 seconds.
[PassRunner]   (validating)
[PassRunner]   running pass: simplify-locals...                1.13936 seconds.
[PassRunner]   (validating)
[PassRunner]   running pass: vacuum...                         0.200083 seconds.
[PassRunner]   (validating)
[PassRunner]   running pass: reorder-locals...                 0.0897209 seconds.
[PassRunner]   (validating)
[PassRunner]   running pass: coalesce-locals...                0.370787 seconds.
[PassRunner]   (validating)
[PassRunner]   running pass: reorder-locals...                 0.0884703 seconds.
[PassRunner]   (validating)
[PassRunner]   running pass: vacuum...                         0.197468 seconds.
[PassRunner]   (validating)
[PassRunner]   running pass: code-folding...                   0.0753583 seconds.
[PassRunner]   (validating)
[PassRunner]   running pass: merge-blocks...                   0.212119 seconds.
[PassRunner]   (validating)
[PassRunner]   running pass: remove-unused-brs...              0.222798 seconds.
[PassRunner]   (validating)
[PassRunner]   running pass: remove-unused-names...            0.0558663 seconds.
[PassRunner]   (validating)
[PassRunner]   running pass: merge-blocks...                   0.281766 seconds.
[PassRunner]   (validating)
[PassRunner]   running pass: precompute-propagate...           3.87844 seconds.
[PassRunner]   (validating)
[PassRunner]   running pass: optimize-instructions...          0.310036 seconds.
[PassRunner]   (validating)
[PassRunner]   running pass: rse...                            0.522773 seconds.
[PassRunner]   (validating)
[PassRunner]   running pass: vacuum...                         0.190442 seconds.
[PassRunner]   (validating)
[PassRunner]   running pass: dae-optimizing...                 [PassRunner] running nested passes
[PassRunner]   running pass: ... 0.209214 seconds.
[PassRunner] nested passes took 0.209214 seconds.
[PassRunner] running nested passes
[PassRunner]   running pass: ... 0.0430694 seconds.
[PassRunner] nested passes took 0.0430694 seconds.
[PassRunner] running nested passes
[PassRunner]   running pass: precompute-propagate...        0.0060946 seconds.
[PassRunner]   running pass: ssa-nomerge...                 0.00502134 seconds.
[PassRunner]   running pass: dce...                         0.00215444 seconds.
[PassRunner]   running pass: remove-unused-names...         0.000762341 seconds.
[PassRunner]   running pass: remove-unused-brs...           0.00170143 seconds.
[PassRunner]   running pass: remove-unused-names...         0.000721549 seconds.
[PassRunner]   running pass: optimize-instructions...       0.00205185 seconds.
[PassRunner]   running pass: pick-load-signs...             0.00101551 seconds.
[PassRunner]   running pass: precompute-propagate...        0.00556976 seconds.
[PassRunner]   running pass: code-pushing...                0.00150039 seconds.
[PassRunner]   running pass: tuple-optimization...          0.000562839 seconds.
[PassRunner]   running pass: simplify-locals-nostructure... 0.00402399 seconds.
[PassRunner]   running pass: vacuum...                      0.00168326 seconds.
[PassRunner]   running pass: reorder-locals...              0.000974092 seconds.
[PassRunner]   running pass: remove-unused-brs...           0.00163601 seconds.
[PassRunner]   running pass: merge-locals...                0.00410308 seconds.
[PassRunner]   running pass: coalesce-locals...             0.00274178 seconds.
[PassRunner]   running pass: local-cse...                   0.00154943 seconds.
[PassRunner]   running pass: simplify-locals...             0.00687673 seconds.
[PassRunner]   running pass: vacuum...                      0.00167435 seconds.
[PassRunner]   running pass: reorder-locals...              0.000935384 seconds.
[PassRunner]   running pass: coalesce-locals...             0.00282894 seconds.
[PassRunner]   running pass: reorder-locals...              0.0009373 seconds.
[PassRunner]   running pass: vacuum...                      0.00164606 seconds.
[PassRunner]   running pass: code-folding...                0.000996009 seconds.
[PassRunner]   running pass: merge-blocks...                0.00164185 seconds.
[PassRunner]   running pass: remove-unused-brs...           0.00185256 seconds.
[PassRunner]   running pass: remove-unused-names...         0.000734256 seconds.
[PassRunner]   running pass: merge-blocks...                0.00196952 seconds.
[PassRunner]   running pass: precompute-propagate...        0.00553463 seconds.
[PassRunner]   running pass: optimize-instructions...       0.00205185 seconds.
[PassRunner]   running pass: rse...                         0.00274261 seconds.
[PassRunner]   running pass: vacuum...                      0.00162485 seconds.
[PassRunner] nested passes took 0.0779146 seconds.
[PassRunner] running nested passes
[PassRunner]   running pass: ... 0.0104728 seconds.
[PassRunner] nested passes took 0.0104728 seconds.
[PassRunner] running nested passes
[PassRunner]   running pass: precompute-propagate...        0.000588922 seconds.
[PassRunner]   running pass: ssa-nomerge...                 0.000522046 seconds.
[PassRunner]   running pass: dce...                         0.000466879 seconds.
[PassRunner]   running pass: remove-unused-names...         0.000391753 seconds.
[PassRunner]   running pass: remove-unused-brs...           0.00054488 seconds.
[PassRunner]   running pass: remove-unused-names...         0.000386837 seconds.
[PassRunner]   running pass: optimize-instructions...       0.000541421 seconds.
[PassRunner]   running pass: pick-load-signs...             0.000538296 seconds.
[PassRunner]   running pass: precompute-propagate...        0.000562547 seconds.
[PassRunner]   running pass: code-pushing...                0.000579131 seconds.
[PassRunner]   running pass: tuple-optimization...          0.000512338 seconds.
[PassRunner]   running pass: simplify-locals-nostructure... 0.000617048 seconds.
[PassRunner]   running pass: vacuum...                      0.000519296 seconds.
[PassRunner]   running pass: reorder-locals...              0.000394671 seconds.
[PassRunner]   running pass: remove-unused-brs...           0.000525672 seconds.
[PassRunner]   running pass: merge-locals...                0.000518255 seconds.
[PassRunner]   running pass: coalesce-locals...             0.000595922 seconds.
[PassRunner]   running pass: local-cse...                   0.000527755 seconds.
[PassRunner]   running pass: simplify-locals...             0.000575547 seconds.
[PassRunner]   running pass: vacuum...                      0.000518921 seconds.
[PassRunner]   running pass: reorder-locals...              0.000398337 seconds.
[PassRunner]   running pass: coalesce-locals...             0.00058313 seconds.
[PassRunner]   running pass: reorder-locals...              0.00039867 seconds.
[PassRunner]   running pass: vacuum...                      0.000515588 seconds.
[PassRunner]   running pass: code-folding...                0.000562546 seconds.
[PassRunner]   running pass: merge-blocks...                0.000528671 seconds.
[PassRunner]   running pass: remove-unused-brs...           0.00052313 seconds.
[PassRunner]   running pass: remove-unused-names...         0.000391712 seconds.
[PassRunner]   running pass: merge-blocks...                0.000529088 seconds.
[PassRunner]   running pass: precompute-propagate...        0.000520255 seconds.
[PassRunner]   running pass: optimize-instructions...       0.000525796 seconds.
[PassRunner]   running pass: rse...                         0.000579755 seconds.
[PassRunner]   running pass: vacuum...                      0.00052038 seconds.
[PassRunner] nested passes took 0.0170052 seconds.
[PassRunner] running nested passes
[PassRunner]   running pass: ... 0.000499713 seconds.
[PassRunner] nested passes took 0.000499713 seconds.
[PassRunner] running nested passes
[PassRunner]   running pass: precompute-propagate...        0.000586422 seconds.
[PassRunner]   running pass: ssa-nomerge...                 0.000522588 seconds.
[PassRunner]   running pass: dce...                         0.000457921 seconds.
[PassRunner]   running pass: remove-unused-names...         0.000393837 seconds.
[PassRunner]   running pass: remove-unused-brs...           0.00053863 seconds.
[PassRunner]   running pass: remove-unused-names...         0.000387087 seconds.
[PassRunner]   running pass: optimize-instructions...       0.000532838 seconds.
[PassRunner]   running pass: pick-load-signs...             0.000522796 seconds.
[PassRunner]   running pass: precompute-propagate...        0.000544338 seconds.
[PassRunner]   running pass: code-pushing...                0.000567964 seconds.
[PassRunner]   running pass: tuple-optimization...          0.000504213 seconds.
[PassRunner]   running pass: simplify-locals-nostructure... 0.000607047 seconds.
[PassRunner]   running pass: vacuum...                      0.000521005 seconds.
[PassRunner]   running pass: reorder-locals...              0.000383128 seconds.
[PassRunner]   running pass: remove-unused-brs...           0.000534838 seconds.
[PassRunner]   running pass: merge-locals...                0.000512546 seconds.
[PassRunner]   running pass: coalesce-locals...             0.000598298 seconds.
[PassRunner]   running pass: local-cse...                   0.000515338 seconds.
[PassRunner]   running pass: simplify-locals...             0.00060438 seconds.
[PassRunner]   running pass: vacuum...                      0.000502796 seconds.
[PassRunner]   running pass: reorder-locals...              0.000396587 seconds.
[PassRunner]   running pass: coalesce-locals...             0.000577714 seconds.
[PassRunner]   running pass: reorder-locals...              0.000389003 seconds.
[PassRunner]   running pass: vacuum...                      0.000500505 seconds.
[PassRunner]   running pass: code-folding...                0.000557714 seconds.
[PassRunner]   running pass: merge-blocks...                0.000500754 seconds.
[PassRunner]   running pass: remove-unused-brs...           0.000524755 seconds.
[PassRunner]   running pass: remove-unused-names...         0.000391087 seconds.
[PassRunner]   running pass: merge-blocks...                0.000527796 seconds.
[PassRunner]   running pass: precompute-propagate...        0.000536005 seconds.
[PassRunner]   running pass: optimize-instructions...       0.000523879 seconds.
[PassRunner]   running pass: rse...                         0.000586548 seconds.
[PassRunner]   running pass: vacuum...                      0.000513213 seconds.
[PassRunner] nested passes took 0.0168636 seconds.
[PassRunner] running nested passes
[PassRunner]   running pass: ... 0.000466545 seconds.
[PassRunner] nested passes took 0.000466545 seconds.
[PassRunner] running nested passes
[PassRunner]   running pass: precompute-propagate...        0.000571339 seconds.
[PassRunner]   running pass: ssa-nomerge...                 0.00052488 seconds.
[PassRunner]   running pass: dce...                         0.000460546 seconds.
[PassRunner]   running pass: remove-unused-names...         0.000398504 seconds.
[PassRunner]   running pass: remove-unused-brs...           0.000520004 seconds.
[PassRunner]   running pass: remove-unused-names...         0.000407296 seconds.
[PassRunner]   running pass: optimize-instructions...       0.000509379 seconds.
[PassRunner]   running pass: pick-load-signs...             0.000533422 seconds.
[PassRunner]   running pass: precompute-propagate...        0.00054038 seconds.
[PassRunner]   running pass: code-pushing...                0.000534588 seconds.
[PassRunner]   running pass: tuple-optimization...          0.000500171 seconds.
[PassRunner]   running pass: simplify-locals-nostructure... 0.000592089 seconds.
[PassRunner]   running pass: vacuum...                      0.000526213 seconds.
[PassRunner]   running pass: reorder-locals...              0.000396087 seconds.
[PassRunner]   running pass: remove-unused-brs...           0.00052388 seconds.
[PassRunner]   running pass: merge-locals...                0.000513505 seconds.
[PassRunner]   running pass: coalesce-locals...             0.000577088 seconds.
[PassRunner]   running pass: local-cse...                   0.000513004 seconds.
[PassRunner]   running pass: simplify-locals...             0.000606714 seconds.
[PassRunner]   running pass: vacuum...                      0.00051588 seconds.
[PassRunner]   running pass: reorder-locals...              0.000389504 seconds.
[PassRunner]   running pass: coalesce-locals...             0.000575589 seconds.
[PassRunner]   running pass: reorder-locals...              0.000380878 seconds.
[PassRunner]   running pass: vacuum...                      0.000510296 seconds.
[PassRunner]   running pass: code-folding...                0.00052338 seconds.
[PassRunner]   running pass: merge-blocks...                0.000514047 seconds.
[PassRunner]   running pass: remove-unused-brs...           0.000517004 seconds.
[PassRunner]   running pass: remove-unused-names...         0.000387503 seconds.
[PassRunner]   running pass: merge-blocks...                0.000505796 seconds.
[PassRunner]   running pass: precompute-propagate...        0.000534421 seconds.
[PassRunner]   running pass: optimize-instructions...       0.000507838 seconds.
[PassRunner]   running pass: rse...                         0.000592797 seconds.
[PassRunner]   running pass: vacuum...                      0.000509588 seconds.
[PassRunner] nested passes took 0.0167136 seconds.
[PassRunner] running nested passes
[PassRunner]   running pass: ... 0.000478463 seconds.
[PassRunner] nested passes took 0.000478463 seconds.
0.406223 seconds.
[PassRunner]   (validating)
[PassRunner]   running pass: inlining-optimizing...            [PassRunner] running nested passes
[PassRunner]   running pass: ... 0.082969 seconds.
[PassRunner] nested passes took 0.082969 seconds.
[PassRunner] running nested passes
[PassRunner]   running pass: ... 0.0450354 seconds.
[PassRunner] nested passes took 0.0450354 seconds.
[PassRunner] running nested passes
[PassRunner]   running pass: ...                            0.0343083 seconds.
[PassRunner]   running pass: precompute-propagate...        2.48511 seconds.
[PassRunner]   running pass: ssa-nomerge...                 2.99837 seconds.
[PassRunner]   running pass: dce...                         0.0506902 seconds.
[PassRunner]   running pass: remove-unused-names...         0.00932492 seconds.
[PassRunner]   running pass: remove-unused-brs...           0.0336782 seconds.
[PassRunner]   running pass: remove-unused-names...         0.00969338 seconds.
[PassRunner]   running pass: optimize-instructions...       0.0444646 seconds.
[PassRunner]   running pass: pick-load-signs...             0.0118515 seconds.
[PassRunner]   running pass: precompute-propagate...        2.45118 seconds.
[PassRunner]   running pass: code-pushing...                0.0289562 seconds.
[PassRunner]   running pass: tuple-optimization...          0.000620464 seconds.
[PassRunner]   running pass: simplify-locals-nostructure... 0.151845 seconds.
[PassRunner]   running pass: vacuum...                      0.0288941 seconds.
[PassRunner]   running pass: reorder-locals...              0.0133896 seconds.
[PassRunner]   running pass: remove-unused-brs...           0.0298261 seconds.
[PassRunner]   running pass: merge-locals...                2.91482 seconds.
[PassRunner]   running pass: coalesce-locals...             0.0779267 seconds.
[PassRunner]   running pass: local-cse...                   0.0322993 seconds.
[PassRunner]   running pass: simplify-locals...             0.205722 seconds.
[PassRunner]   running pass: vacuum...                      0.0296432 seconds.
[PassRunner]   running pass: reorder-locals...              0.0127678 seconds.
[PassRunner]   running pass: coalesce-locals...             0.0752384 seconds.
[PassRunner]   running pass: reorder-locals...              0.0129855 seconds.
[PassRunner]   running pass: vacuum...                      0.0287851 seconds.
[PassRunner]   running pass: code-folding...                0.0133525 seconds.
[PassRunner]   running pass: merge-blocks...                0.0525889 seconds.
[PassRunner]   running pass: remove-unused-brs...           0.0342849 seconds.
[PassRunner]   running pass: remove-unused-names...         0.00917759 seconds.
[PassRunner]   running pass: merge-blocks...                0.0602833 seconds.
[PassRunner]   running pass: precompute-propagate...        2.51513 seconds.
[PassRunner]   running pass: optimize-instructions...       0.0425004 seconds.
[PassRunner]   running pass: rse...                         0.251801 seconds.
[PassRunner]   running pass: vacuum...                      0.0283699 seconds.
[PassRunner] nested passes took 14.7799 seconds.
[PassRunner] running nested passes
[PassRunner]   running pass: ... 0.0812162 seconds.
[PassRunner] nested passes took 0.0812162 seconds.
[PassRunner] running nested passes
[PassRunner]   running pass: ... 0.0462596 seconds.
[PassRunner] nested passes took 0.0462596 seconds.
[PassRunner] running nested passes
[PassRunner]   running pass: ...                            0.0152063 seconds.
[PassRunner]   running pass: precompute-propagate...        0.86689 seconds.
[PassRunner]   running pass: ssa-nomerge...                 0.971898 seconds.
[PassRunner]   running pass: dce...                         0.020793 seconds.
[PassRunner]   running pass: remove-unused-names...         0.00397908 seconds.
[PassRunner]   running pass: remove-unused-brs...           0.0129175 seconds.
[PassRunner]   running pass: remove-unused-names...         0.00388603 seconds.
[PassRunner]   running pass: optimize-instructions...       0.0186395 seconds.
[PassRunner]   running pass: pick-load-signs...             0.00546751 seconds.
[PassRunner]   running pass: precompute-propagate...        1.00898 seconds.
[PassRunner]   running pass: code-pushing...                0.0206316 seconds.
[PassRunner]   running pass: tuple-optimization...          0.00156406 seconds.
[PassRunner]   running pass: simplify-locals-nostructure... 0.0978962 seconds.
[PassRunner]   running pass: vacuum...                      0.0118694 seconds.
[PassRunner]   running pass: reorder-locals...              0.00622922 seconds.
[PassRunner]   running pass: remove-unused-brs...           0.021263 seconds.
[PassRunner]   running pass: merge-locals...                1.19723 seconds.
[PassRunner]   running pass: coalesce-locals...             0.050649 seconds.
[PassRunner]   running pass: local-cse...                   0.021722 seconds.
[PassRunner]   running pass: simplify-locals...             0.124569 seconds.
[PassRunner]   running pass: vacuum...                      0.0176359 seconds.
[PassRunner]   running pass: reorder-locals...              0.00590164 seconds.
[PassRunner]   running pass: coalesce-locals...             0.0541363 seconds.
[PassRunner]   running pass: reorder-locals...              0.00599626 seconds.
[PassRunner]   running pass: vacuum...                      0.0178872 seconds.
[PassRunner]   running pass: code-folding...                0.00506055 seconds.
[PassRunner]   running pass: merge-blocks...                0.040758 seconds.
[PassRunner]   running pass: remove-unused-brs...           0.0233793 seconds.
[PassRunner]   running pass: remove-unused-names...         0.00456046 seconds.
[PassRunner]   running pass: merge-blocks...                0.0433637 seconds.
[PassRunner]   running pass: precompute-propagate...        1.1183 seconds.
[PassRunner]   running pass: optimize-instructions...       0.0559606 seconds.
[PassRunner]   running pass: rse...                         0.342128 seconds.
[PassRunner]   running pass: vacuum...                      0.0118478 seconds.
[PassRunner] nested passes took 6.22919 seconds.
[PassRunner] running nested passes
[PassRunner]   running pass: ... 0.101944 seconds.
[PassRunner] nested passes took 0.101944 seconds.
[PassRunner] running nested passes
[PassRunner]   running pass: ... 0.0527078 seconds.
[PassRunner] nested passes took 0.0527078 seconds.
[PassRunner] running nested passes
[PassRunner]   running pass: ...                            0.000766715 seconds.
[PassRunner]   running pass: precompute-propagate...        0.000921466 seconds.
[PassRunner]   running pass: ssa-nomerge...                 0.000738674 seconds.
[PassRunner]   running pass: dce...                         0.000765591 seconds.
[PassRunner]   running pass: remove-unused-names...         0.00127359 seconds.
[PassRunner]   running pass: remove-unused-brs...           0.00221535 seconds.
[PassRunner]   running pass: remove-unused-names...         0.00115622 seconds.
[PassRunner]   running pass: optimize-instructions...       0.00180927 seconds.
[PassRunner]   running pass: pick-load-signs...             0.00139372 seconds.
[PassRunner]   running pass: precompute-propagate...        0.00224473 seconds.
[PassRunner]   running pass: code-pushing...                0.000925967 seconds.
[PassRunner]   running pass: tuple-optimization...          0.00052513 seconds.
[PassRunner]   running pass: simplify-locals-nostructure... 0.00132064 seconds.
[PassRunner]   running pass: vacuum...                      0.000606214 seconds.
[PassRunner]   running pass: reorder-locals...              0.000446379 seconds.
[PassRunner]   running pass: remove-unused-brs...           0.000638255 seconds.
[PassRunner]   running pass: merge-locals...                0.000884008 seconds.
[PassRunner]   running pass: coalesce-locals...             0.000842424 seconds.
[PassRunner]   running pass: local-cse...                   0.000636923 seconds.
[PassRunner]   running pass: simplify-locals...             0.00147506 seconds.
[PassRunner]   running pass: vacuum...                      0.000598838 seconds.
[PassRunner]   running pass: reorder-locals...              0.00044613 seconds.
[PassRunner]   running pass: coalesce-locals...             0.000819424 seconds.
[PassRunner]   running pass: reorder-locals...              0.000437212 seconds.
[PassRunner]   running pass: vacuum...                      0.000606964 seconds.
[PassRunner]   running pass: code-folding...                0.000609964 seconds.
[PassRunner]   running pass: merge-blocks...                0.000740465 seconds.
[PassRunner]   running pass: remove-unused-brs...           0.000704756 seconds.
[PassRunner]   running pass: remove-unused-names...         0.000415545 seconds.
[PassRunner]   running pass: merge-blocks...                0.000774507 seconds.
[PassRunner]   running pass: precompute-propagate...        0.000891591 seconds.
[PassRunner]   running pass: optimize-instructions...       0.000714673 seconds.
[PassRunner]   running pass: rse...                         0.000807465 seconds.
[PassRunner]   running pass: vacuum...                      0.000585964 seconds.
[PassRunner] nested passes took 0.0307398 seconds.
[PassRunner] running nested passes
[PassRunner]   running pass: ... 0.0946448 seconds.
[PassRunner] nested passes took 0.0946448 seconds.
[PassRunner] running nested passes
[PassRunner]   running pass: ... 0.0531539 seconds.
[PassRunner] nested passes took 0.0531539 seconds.
[PassRunner] running nested passes
[PassRunner]   running pass: ...                            0.000768257 seconds.
[PassRunner]   running pass: precompute-propagate...        0.000902842 seconds.
[PassRunner]   running pass: ssa-nomerge...                 0.000729382 seconds.
[PassRunner]   running pass: dce...                         0.000551297 seconds.
[PassRunner]   running pass: remove-unused-names...         0.000419588 seconds.
[PassRunner]   running pass: remove-unused-brs...           0.000679048 seconds.
[PassRunner]   running pass: remove-unused-names...         0.000400754 seconds.
[PassRunner]   running pass: optimize-instructions...       0.000686757 seconds.
[PassRunner]   running pass: pick-load-signs...             0.000571797 seconds.
[PassRunner]   running pass: precompute-propagate...        0.000819716 seconds.
[PassRunner]   running pass: code-pushing...                0.000734215 seconds.
[PassRunner]   running pass: tuple-optimization...          0.000522964 seconds.
[PassRunner]   running pass: simplify-locals-nostructure... 0.00131343 seconds.
[PassRunner]   running pass: vacuum...                      0.000611214 seconds.
[PassRunner]   running pass: reorder-locals...              0.000430754 seconds.
[PassRunner]   running pass: remove-unused-brs...           0.000613256 seconds.
[PassRunner]   running pass: merge-locals...                0.000845341 seconds.
[PassRunner]   running pass: coalesce-locals...             0.000857508 seconds.
[PassRunner]   running pass: local-cse...                   0.000617339 seconds.
[PassRunner]   running pass: simplify-locals...             0.00153785 seconds.
[PassRunner]   running pass: vacuum...                      0.000633631 seconds.
[PassRunner]   running pass: reorder-locals...              0.000436921 seconds.
[PassRunner]   running pass: coalesce-locals...             0.000822633 seconds.
[PassRunner]   running pass: reorder-locals...              0.000426921 seconds.
[PassRunner]   running pass: vacuum...                      0.000636006 seconds.
[PassRunner]   running pass: code-folding...                0.000614048 seconds.
[PassRunner]   running pass: merge-blocks...                0.00071834 seconds.
[PassRunner]   running pass: remove-unused-brs...           0.000703673 seconds.
[PassRunner]   running pass: remove-unused-names...         0.000410837 seconds.
[PassRunner]   running pass: merge-blocks...                0.000804049 seconds.
[PassRunner]   running pass: precompute-propagate...        0.000833758 seconds.
[PassRunner]   running pass: optimize-instructions...       0.000641422 seconds.
[PassRunner]   running pass: rse...                         0.000827632 seconds.
[PassRunner]   running pass: vacuum...                      0.00062109 seconds.
[PassRunner] nested passes took 0.0237443 seconds.
[PassRunner] running nested passes
[PassRunner]   running pass: ... 0.0953982 seconds.
[PassRunner] nested passes took 0.0953982 seconds.
[PassRunner] running nested passes
[PassRunner]   running pass: ... 0.0587425 seconds.
[PassRunner] nested passes took 0.0587425 seconds.
21.7837 seconds.
[PassRunner]   (validating)
[PassRunner]   running pass: duplicate-function-elimination... [PassRunner] running nested passes
[PassRunner]   running pass: ... 0.0501522 seconds.
[PassRunner] nested passes took 0.0501522 seconds.
[PassRunner] running nested passes
[PassRunner]   running pass: ... 0.0424608 seconds.
[PassRunner] nested passes took 0.0424608 seconds.
[PassRunner] running nested passes
[PassRunner]   running pass: ... 0.0583907 seconds.
[PassRunner] nested passes took 0.0583907 seconds.
0.153505 seconds.
[PassRunner]   (validating)
[PassRunner]   running pass: duplicate-import-elimination...   4.2792e-05 seconds.
[PassRunner]   (validating)
[PassRunner]   running pass: merge-similar-functions...        0.0484211 seconds.
[PassRunner]   (validating)
[PassRunner]   running pass: simplify-globals-optimizing...    [PassRunner] running nested passes
[PassRunner]   running pass: ... 0.175566 seconds.
[PassRunner] nested passes took 0.175566 seconds.
[PassRunner] running nested passes
[PassRunner]   running pass: ... 0.0608239 seconds.
[PassRunner] nested passes took 0.0608239 seconds.
[PassRunner] running nested passes
[PassRunner]   running pass: ... 0.115908 seconds.
[PassRunner] nested passes took 0.115908 seconds.
0.352803 seconds.
[PassRunner]   (validating)
[PassRunner]   running pass: remove-unused-module-elements...  0.100322 seconds.
[PassRunner]   (validating)
[PassRunner]   running pass: reorder-globals...                0.00053763 seconds.
[PassRunner]   (validating)
[PassRunner]   running pass: directize...                      [PassRunner] running nested passes
[PassRunner]   running pass: ... 0.0480962 seconds.
[PassRunner] nested passes took 0.0480962 seconds.
0.0592408 seconds.
[PassRunner]   (validating)
[PassRunner] passes took 47.3233 seconds.
[PassRunner] (final validation)
[PassRunner] running passes
[PassRunner] passes took 0 seconds.
[PassRunner] (final validation)
writing...
writing binary to main.wasmopt
Opening 'main.wasmopt'

Thread 13 "wasm-opt" received signal SIGSEGV, Segmentation fault.
[Switching to LWP 29]
0x00000000007f3a80 in ?? ()
#0  0x00000000007f3a80 in ?? ()
#1  0x00000000007f49f4 in ?? ()
#2  0x0000000000f15b84 in ?? ()
#3  0x0000000000f15bf0 in ?? ()
#4  0x0000000000f15bf0 in ?? ()
#5  0x0000000000f15bf0 in ?? ()
#6  0x0000000000f15bf0 in ?? ()
#7  0x0000000000f15bf0 in ?? ()
#8  0x0000000000f15bf0 in ?? ()
#9  0x0000000000f15bf0 in ?? ()
#10 0x0000000000f15bf0 in ?? ()
#11 0x0000000000f15bf0 in ?? ()
#12 0x0000000000f15bf0 in ?? ()
#13 0x0000000000f15bf0 in ?? ()
#14 0x0000000000f15bf0 in ?? ()
#15 0x0000000000f15bf0 in ?? ()
#16 0x0000000000f15bf0 in ?? ()
#17 0x0000000000f15bf0 in ?? ()
#18 0x0000000000f15bf0 in ?? ()
#19 0x0000000000f15bf0 in ?? ()
#20 0x0000000000f15bf0 in ?? ()
#21 0x0000000000f15bf0 in ?? ()
#22 0x0000000000f15bf0 in ?? ()
#23 0x0000000000f15bf0 in ?? ()
#24 0x0000000000f15bf0 in ?? ()
#25 0x0000000000f15bf0 in ?? ()
#26 0x0000000000f15bf0 in ?? ()
#27 0x0000000000f15bf0 in ?? ()
#28 0x0000000000f15bf0 in ?? ()
#29 0x0000000000f15bf0 in ?? ()
#30 0x0000000000f15bf0 in ?? ()
#31 0x0000000000f15bf0 in ?? ()
#32 0x0000000000f15bf0 in ?? ()
#33 0x0000000000f15bf0 in ?? ()
#34 0x0000000000f15bf0 in ?? ()
#35 0x0000000000f15bf0 in ?? ()
#36 0x0000000000f15bf0 in ?? ()
#37 0x0000000000f15bf0 in ?? ()
#38 0x0000000000f15bf0 in ?? ()
#39 0x0000000000f15bf0 in ?? ()
#40 0x0000000000f15bf0 in ?? ()
#41 0x0000000000f15bf0 in ?? ()
#42 0x0000000000f15bf0 in ?? ()
#43 0x0000000000f15bf0 in ?? ()
#44 0x0000000000f15bf0 in ?? ()
#45 0x0000000000f15bf0 in ?? ()
#46 0x0000000000f15bf0 in ?? ()
#47 0x0000000000f15bf0 in ?? ()
#48 0x0000000000f15bf0 in ?? ()
#49 0x0000000000f15bf0 in ?? ()
#50 0x0000000000f15bf0 in ?? ()
#51 0x0000000000f15bf0 in ?? ()
#52 0x0000000000f15bf0 in ?? ()
#53 0x0000000000f15bf0 in ?? ()
#54 0x0000000000f15bf0 in ?? ()
#55 0x0000000000f15bf0 in ?? ()
#56 0x0000000000f15bf0 in ?? ()
#57 0x0000000000f15bf0 in ?? ()
#58 0x0000000000f15bf0 in ?? ()
#59 0x0000000000f15bf0 in ?? ()
#60 0x0000000000f15bf0 in ?? ()
#61 0x0000000000f15bf0 in ?? ()
#62 0x0000000000f15bf0 in ?? ()
#63 0x0000000000f15bf0 in ?? ()
#64 0x0000000000f15bf0 in ?? ()
#65 0x0000000000f15bf0 in ?? ()
#66 0x0000000000f15bf0 in ?? ()
#67 0x0000000000f15bf0 in ?? ()
#68 0x0000000000f15bf0 in ?? ()
#69 0x0000000000f15bf0 in ?? ()
#70 0x0000000000f15bf0 in ?? ()
#71 0x0000000000f15bf0 in ?? ()
#72 0x0000000000f15bf0 in ?? ()
#73 0x0000000000f15bf0 in ?? ()
#74 0x0000000000f15bf0 in ?? ()
#75 0x0000000000f15bf0 in ?? ()
#76 0x0000000000f15bf0 in ?? ()
#77 0x0000000000f15bf0 in ?? ()
#78 0x0000000000f15bf0 in ?? ()
#79 0x0000000000f15bf0 in ?? ()
#80 0x0000000000f15bf0 in ?? ()
#81 0x0000000000f15bf0 in ?? ()
#82 0x0000000000f15bf0 in ?? ()
#83 0x0000000000f15bf0 in ?? ()
#84 0x0000000000f15bf0 in ?? ()
#85 0x0000000000f15bf0 in ?? ()
#86 0x0000000000f15bf0 in ?? ()
#87 0x0000000000f15bf0 in ?? ()
#88 0x0000000000f15bf0 in ?? ()
#89 0x0000000000f15bf0 in ?? ()
#90 0x0000000000f15bf0 in ?? ()
#91 0x0000000000f15bf0 in ?? ()
#92 0x0000000000f15bf0 in ?? ()
#93 0x0000000000f15bf0 in ?? ()
#94 0x0000000000f15bf0 in ?? ()
#95 0x0000000000f15bf0 in ?? ()
#96 0x0000000000f15bf0 in ?? ()
#97 0x0000000000f15bf0 in ?? ()
#98 0x0000000000f15bf0 in ?? ()
#99 0x0000000000f15bf0 in ?? ()
#100 0x0000000000f15bf0 in ?? ()
#101 0x0000000000f15bf0 in ?? ()
#102 0x0000000000f15bf0 in ?? ()
#103 0x0000000000f15bf0 in ?? ()
#104 0x0000000000f15bf0 in ?? ()
#105 0x0000000000f15bf0 in ?? ()
#106 0x0000000000f15bf0 in ?? ()
#107 0x0000000000f15bf0 in ?? ()
#108 0x0000000000f15bf0 in ?? ()
#109 0x0000000000f15bf0 in ?? ()
#110 0x0000000000f15bf0 in ?? ()
#111 0x0000000000f15bf0 in ?? ()
#112 0x0000000000f15bf0 in ?? ()
#113 0x0000000000f15bf0 in ?? ()
#114 0x0000000000f15bf0 in ?? ()
#115 0x0000000000f15bf0 in ?? ()
#116 0x0000000000f15bf0 in ?? ()
#117 0x0000000000f15bf0 in ?? ()
#118 0x0000000000f15bf0 in ?? ()
#119 0x0000000000f15bf0 in ?? ()
#120 0x0000000000f15bf0 in ?? ()
#121 0x0000000000f15bf0 in ?? ()
#122 0x0000000000f15bf0 in ?? ()
#123 0x0000000000f15bf0 in ?? ()
#124 0x0000000000f15bf0 in ?? ()
#125 0x0000000000f15bf0 in ?? ()
#126 0x0000000000f15bf0 in ?? ()
#127 0x0000000000f15bf0 in ?? ()
#128 0x0000000000f15bf0 in ?? ()
#129 0x0000000000f15bf0 in ?? ()
#130 0x0000000000f15bf0 in ?? ()
#131 0x0000000000f15bf0 in ?? ()
#132 0x0000000000f15bf0 in ?? ()
#133 0x0000000000f15bf0 in ?? ()
#134 0x0000000000f15bf0 in ?? ()
#135 0x0000000000f15bf0 in ?? ()
#136 0x0000000000f15bf0 in ?? ()
#137 0x0000000000f15bf0 in ?? ()
#138 0x0000000000f15bf0 in ?? ()
#139 0x0000000000f15bf0 in ?? ()
#140 0x0000000000f15bf0 in ?? ()
#141 0x0000000000f15bf0 in ?? ()
#142 0x0000000000f15bf0 in ?? ()
#143 0x0000000000f15bf0 in ?? ()
#144 0x0000000000f15bf0 in ?? ()
#145 0x0000000000f15bf0 in ?? ()
#146 0x0000000000f15bf0 in ?? ()
#147 0x0000000000f15bf0 in ?? ()
#148 0x0000000000f15bf0 in ?? ()
#149 0x0000000000f15bf0 in ?? ()
#150 0x0000000000f15bf0 in ?? ()
#151 0x0000000000f15bf0 in ?? ()
#152 0x0000000000f15bf0 in ?? ()
#153 0x0000000000f15bf0 in ?? ()
#154 0x0000000000f15bf0 in ?? ()
#155 0x0000000000f15bf0 in ?? ()
#156 0x0000000000f15bf0 in ?? ()
#157 0x0000000000f15bf0 in ?? ()
#158 0x0000000000f15bf0 in ?? ()
#159 0x0000000000f15bf0 in ?? ()
#160 0x0000000000f15bf0 in ?? ()
#161 0x0000000000f15bf0 in ?? ()
#162 0x0000000000f15bf0 in ?? ()
#163 0x0000000000f15bf0 in ?? ()
#164 0x0000000000f15bf0 in ?? ()
#165 0x0000000000f15bf0 in ?? ()
#166 0x0000000000f15bf0 in ?? ()
#167 0x0000000000f15bf0 in ?? ()
#168 0x0000000000f15bf0 in ?? ()
#169 0x0000000000f15bf0 in ?? ()
#170 0x0000000000f15bf0 in ?? ()
#171 0x0000000000f15bf0 in ?? ()
#172 0x0000000000f15bf0 in ?? ()
#173 0x0000000000f15bf0 in ?? ()
#174 0x0000000000f15bf0 in ?? ()
#175 0x0000000000f15bf0 in ?? ()
#176 0x0000000000f15bf0 in ?? ()
#177 0x0000000000f15bf0 in ?? ()
#178 0x0000000000f15bf0 in ?? ()
#179 0x0000000000f15bf0 in ?? ()
#180 0x0000000000f15bf0 in ?? ()
#181 0x0000000000f15bf0 in ?? ()
#182 0x0000000000f15bf0 in ?? ()
#183 0x0000000000f15bf0 in ?? ()
#184 0x0000000000f15bf0 in ?? ()
#185 0x0000000000f15bf0 in ?? ()
#186 0x0000000000f15bf0 in ?? ()
#187 0x0000000000f15bf0 in ?? ()
#188 0x0000000000f15bf0 in ?? ()
#189 0x0000000000f15bf0 in ?? ()
#190 0x0000000000f15bf0 in ?? ()
#191 0x0000000000f15bf0 in ?? ()
#192 0x0000000000f15bf0 in ?? ()
#193 0x0000000000f15bf0 in ?? ()
#194 0x0000000000f15bf0 in ?? ()
#195 0x0000000000f15bf0 in ?? ()
#196 0x0000000000f15bf0 in ?? ()
#197 0x0000000000f15bf0 in ?? ()
#198 0x0000000000f15bf0 in ?? ()
#199 0x0000000000f15bf0 in ?? ()
#200 0x0000000000f15bf0 in ?? ()
#201 0x0000000000f15bf0 in ?? ()
#202 0x0000000000f15bf0 in ?? ()
#203 0x0000000000f15bf0 in ?? ()
#204 0x0000000000f15bf0 in ?? ()
#205 0x0000000000f15bf0 in ?? ()
#206 0x0000000000f15bf0 in ?? ()
#207 0x0000000000f15bf0 in ?? ()
#208 0x0000000000f15bf0 in ?? ()
#209 0x0000000000f15bf0 in ?? ()
#210 0x0000000000f15bf0 in ?? ()
#211 0x0000000000f15bf0 in ?? ()
#212 0x0000000000f15bf0 in ?? ()
#213 0x0000000000f15bf0 in ?? ()
#214 0x0000000000f15bf0 in ?? ()
#215 0x0000000000f15bf0 in ?? ()
#216 0x0000000000f15bf0 in ?? ()
#217 0x0000000000f15bf0 in ?? ()
#218 0x0000000000f15bf0 in ?? ()
#219 0x0000000000f15bf0 in ?? ()
#220 0x0000000000f15bf0 in ?? ()
#221 0x0000000000f15bf0 in ?? ()
#222 0x0000000000f15bf0 in ?? ()
#223 0x0000000000f15bf0 in ?? ()
#224 0x0000000000f15bf0 in ?? ()
#225 0x0000000000f15bf0 in ?? ()
#226 0x0000000000f15bf0 in ?? ()
#227 0x0000000000f15bf0 in ?? ()
#228 0x0000000000f15bf0 in ?? ()
#229 0x0000000000f15bf0 in ?? ()
#230 0x0000000000f15bf0 in ?? ()
#231 0x0000000000f15bf0 in ?? ()
#232 0x0000000000f15bf0 in ?? ()
#233 0x0000000000f15bf0 in ?? ()
#234 0x0000000000f15bf0 in ?? ()
#235 0x0000000000f15bf0 in ?? ()
#236 0x0000000000f15bf0 in ?? ()
#237 0x0000000000f15bf0 in ?? ()
#238 0x0000000000f15bf0 in ?? ()
#239 0x0000000000f15bf0 in ?? ()
#240 0x0000000000f15bf0 in ?? ()
#241 0x0000000000f15bf0 in ?? ()
#242 0x0000000000f15bf0 in ?? ()
#243 0x0000000000f15bf0 in ?? ()
#244 0x0000000000f15bf0 in ?? ()
#245 0x0000000000f15bf0 in ?? ()
#246 0x0000000000f15bf0 in ?? ()
#247 0x0000000000f15bf0 in ?? ()
#248 0x0000000000f15bf0 in ?? ()
#249 0x0000000000f15bf0 in ?? ()
#250 0x0000000000f15bf0 in ?? ()
#251 0x0000000000f15bf0 in ?? ()
#252 0x0000000000f15bf0 in ?? ()
#253 0x0000000000f15bf0 in ?? ()
#254 0x0000000000f15bf0 in ?? ()
#255 0x0000000000f15bf0 in ?? ()
#256 0x0000000000f15bf0 in ?? ()
#257 0x0000000000f15bf0 in ?? ()
#258 0x0000000000f15bf0 in ?? ()
#259 0x0000000000f15bf0 in ?? ()
#260 0x0000000000f15bf0 in ?? ()
#261 0x0000000000f15bf0 in ?? ()
#262 0x0000000000f15bf0 in ?? ()
#263 0x0000000000f15bf0 in ?? ()
#264 0x0000000000f15bf0 in ?? ()
#265 0x0000000000f15bf0 in ?? ()
#266 0x0000000000f15bf0 in ?? ()
#267 0x0000000000f15bf0 in ?? ()
#268 0x0000000000f15bf0 in ?? ()
#269 0x0000000000f15bf0 in ?? ()
#270 0x0000000000f15bf0 in ?? ()
#271 0x0000000000f15bf0 in ?? ()
#272 0x0000000000f15bf0 in ?? ()
#273 0x0000000000f15bf0 in ?? ()
#274 0x0000000000f15bf0 in ?? ()
#275 0x0000000000f15bf0 in ?? ()
#276 0x0000000000f15bf0 in ?? ()
#277 0x0000000000f15bf0 in ?? ()
#278 0x0000000000f15bf0 in ?? ()
#279 0x0000000000f15bf0 in ?? ()
#280 0x0000000000f15bf0 in ?? ()
#281 0x0000000000f15bf0 in ?? ()
#282 0x0000000000f15bf0 in ?? ()
#283 0x0000000000f15bf0 in ?? ()
#284 0x0000000000f15bf0 in ?? ()
#285 0x0000000000f15bf0 in ?? ()
#286 0x0000000000f15bf0 in ?? ()
#287 0x0000000000f15bf0 in ?? ()
#288 0x0000000000f15bf0 in ?? ()
#289 0x0000000000f15bf0 in ?? ()
#290 0x0000000000f15bf0 in ?? ()
#291 0x0000000000f15bf0 in ?? ()
#292 0x0000000000f15bf0 in ?? ()
#293 0x0000000000f15bf0 in ?? ()
#294 0x0000000000f15bf0 in ?? ()
#295 0x0000000000f15bf0 in ?? ()
#296 0x0000000000f15bf0 in ?? ()
#297 0x0000000000f15bf0 in ?? ()
#298 0x0000000000f15bf0 in ?? ()
#299 0x0000000000f15bf0 in ?? ()
#300 0x0000000000f15bf0 in ?? ()
#301 0x0000000000f15bf0 in ?? ()
#302 0x0000000000f15bf0 in ?? ()
#303 0x0000000000f15bf0 in ?? ()
#304 0x0000000000f15bf0 in ?? ()
#305 0x0000000000f15bf0 in ?? ()
#306 0x0000000000f15bf0 in ?? ()
#307 0x0000000000f15bf0 in ?? ()
#308 0x0000000000f15bf0 in ?? ()
#309 0x0000000000f15bf0 in ?? ()
#310 0x0000000000f15bf0 in ?? ()
#311 0x0000000000f15bf0 in ?? ()
#312 0x0000000000f15bf0 in ?? ()
#313 0x0000000000f15bf0 in ?? ()
#314 0x0000000000f15bf0 in ?? ()
#315 0x0000000000f15bf0 in ?? ()
#316 0x0000000000f15bf0 in ?? ()
#317 0x0000000000f15bf0 in ?? ()
#318 0x0000000000f15bf0 in ?? ()
#319 0x0000000000f15bf0 in ?? ()
#320 0x0000000000f15bf0 in ?? ()
#321 0x0000000000f15bf0 in ?? ()
#322 0x0000000000f15bf0 in ?? ()
#323 0x0000000000f15bf0 in ?? ()
#324 0x0000000000f15bf0 in ?? ()
#325 0x0000000000f15bf0 in ?? ()
#326 0x0000000000f15bf0 in ?? ()
#327 0x0000000000f15bf0 in ?? ()
#328 0x0000000000f15bf0 in ?? ()
#329 0x0000000000f15bf0 in ?? ()
#330 0x0000000000f15bf0 in ?? ()
#331 0x0000000000f15bf0 in ?? ()
#332 0x0000000000f15bf0 in ?? ()
#333 0x0000000000f15bf0 in ?? ()
#334 0x0000000000f15bf0 in ?? ()
#335 0x0000000000f15bf0 in ?? ()
#336 0x0000000000f15bf0 in ?? ()
#337 0x0000000000f15bf0 in ?? ()
#338 0x0000000000f15bf0 in ?? ()
#339 0x0000000000f15bf0 in ?? ()
#340 0x0000000000f15bf0 in ?? ()
#341 0x0000000000f15bf0 in ?? ()
#342 0x0000000000f15bf0 in ?? ()
#343 0x0000000000f15bf0 in ?? ()
#344 0x0000000000f15bf0 in ?? ()
#345 0x0000000000f15bf0 in ?? ()
#346 0x0000000000f15bf0 in ?? ()
#347 0x0000000000f15bf0 in ?? ()
#348 0x0000000000f15bf0 in ?? ()
#349 0x0000000000f15bf0 in ?? ()
#350 0x0000000000f15bf0 in ?? ()
#351 0x0000000000f15bf0 in ?? ()
#352 0x0000000000f15bf0 in ?? ()
#353 0x0000000000f15bf0 in ?? ()
#354 0x0000000000f15bf0 in ?? ()
#355 0x0000000000f15bf0 in ?? ()
#356 0x0000000000f15bf0 in ?? ()
#357 0x0000000000f15bf0 in ?? ()
#358 0x0000000000f15bf0 in ?? ()
#359 0x0000000000f15bf0 in ?? ()
#360 0x0000000000f15bf0 in ?? ()
#361 0x0000000000f15bf0 in ?? ()
#362 0x0000000000f15bf0 in ?? ()
#363 0x0000000000f15bf0 in ?? ()
#364 0x0000000000f15bf0 in ?? ()
#365 0x0000000000f15bf0 in ?? ()
#366 0x0000000000f15bf0 in ?? ()
#367 0x0000000000f15bf0 in ?? ()
#368 0x0000000000f15bf0 in ?? ()
#369 0x0000000000f15bf0 in ?? ()
#370 0x0000000000f15bf0 in ?? ()
#371 0x0000000000f15bf0 in ?? ()
#372 0x0000000000f15bf0 in ?? ()
#373 0x0000000000f15bf0 in ?? ()
#374 0x0000000000f15bf0 in ?? ()
#375 0x0000000000f15bf0 in ?? ()
#376 0x0000000000f15bf0 in ?? ()
#377 0x0000000000f15bf0 in ?? ()
#378 0x0000000000f15bf0 in ?? ()
#379 0x0000000000f15bf0 in ?? ()
#380 0x0000000000f15bf0 in ?? ()
#381 0x0000000000f15bf0 in ?? ()
#382 0x0000000000f15bf0 in ?? ()
#383 0x0000000000f15bf0 in ?? ()
#384 0x0000000000f15bf0 in ?? ()
#385 0x0000000000f15bf0 in ?? ()
#386 0x0000000000f15bf0 in ?? ()
#387 0x0000000000f15bf0 in ?? ()
#388 0x0000000000f15bf0 in ?? ()
#389 0x0000000000f15bf0 in ?? ()
#390 0x0000000000f15bf0 in ?? ()
#391 0x0000000000f15bf0 in ?? ()
#392 0x0000000000f15bf0 in ?? ()
#393 0x0000000000f15bf0 in ?? ()
#394 0x0000000000f15bf0 in ?? ()
#395 0x0000000000f15bf0 in ?? ()
#396 0x0000000000f15bf0 in ?? ()
#397 0x0000000000f15bf0 in ?? ()
#398 0x0000000000f15bf0 in ?? ()
#399 0x0000000000f15bf0 in ?? ()
#400 0x0000000000f15bf0 in ?? ()
#401 0x0000000000f15bf0 in ?? ()
#402 0x0000000000f15bf0 in ?? ()
#403 0x0000000000f15bf0 in ?? ()
#404 0x0000000000f15bf0 in ?? ()
#405 0x0000000000f15bf0 in ?? ()
#406 0x0000000000f15bf0 in ?? ()
#407 0x0000000000f15bf0 in ?? ()
#408 0x0000000000f15bf0 in ?? ()
#409 0x0000000000f15bf0 in ?? ()
#410 0x0000000000f15bf0 in ?? ()
#411 0x0000000000f15bf0 in ?? ()
#412 0x0000000000f15bf0 in ?? ()
#413 0x0000000000f15bf0 in ?? ()
#414 0x0000000000f15bf0 in ?? ()
#415 0x0000000000f15bf0 in ?? ()
#416 0x0000000000f15bf0 in ?? ()
#417 0x0000000000f15bf0 in ?? ()
#418 0x0000000000f15bf0 in ?? ()
#419 0x0000000000f15bf0 in ?? ()
#420 0x0000000000f15bf0 in ?? ()
#421 0x0000000000f15bf0 in ?? ()
#422 0x0000000000f15bf0 in ?? ()
#423 0x0000000000f15bf0 in ?? ()
#424 0x0000000000f15bf0 in ?? ()
#425 0x0000000000f15bf0 in ?? ()
#426 0x0000000000f15bf0 in ?? ()
#427 0x0000000000f15bf0 in ?? ()
#428 0x0000000000f15bf0 in ?? ()
#429 0x0000000000f15bf0 in ?? ()
#430 0x0000000000f15bf0 in ?? ()
#431 0x0000000000f15bf0 in ?? ()
#432 0x0000000000f15bf0 in ?? ()
#433 0x0000000000f15bf0 in ?? ()
#434 0x0000000000f15bf0 in ?? ()
#435 0x0000000000f15bf0 in ?? ()
#436 0x0000000000f15bf0 in ?? ()
#437 0x0000000000f15bf0 in ?? ()
#438 0x0000000000f15bf0 in ?? ()
#439 0x0000000000f15bf0 in ?? ()
#440 0x0000000000f15bf0 in ?? ()
#441 0x0000000000f15bf0 in ?? ()
#442 0x0000000000f15bf0 in ?? ()
#443 0x0000000000f15bf0 in ?? ()
#444 0x0000000000f15bf0 in ?? ()
#445 0x0000000000f15bf0 in ?? ()
#446 0x0000000000f15bf0 in ?? ()
#447 0x0000000000f15bf0 in ?? ()
#448 0x0000000000f15bf0 in ?? ()
#449 0x0000000000f15bf0 in ?? ()
#450 0x0000000000f15bf0 in ?? ()
#451 0x0000000000f15bf0 in ?? ()
#452 0x0000000000f15bf0 in ?? ()
#453 0x0000000000f15bf0 in ?? ()
#454 0x0000000000f15bf0 in ?? ()
#455 0x0000000000f15bf0 in ?? ()
#456 0x0000000000f15bf0 in ?? ()
#457 0x0000000000f15bf0 in ?? ()
#458 0x0000000000f15bf0 in ?? ()
#459 0x0000000000f15bf0 in ?? ()
#460 0x0000000000f15bf0 in ?? ()
#461 0x0000000000f15bf0 in ?? ()
#462 0x0000000000f15bf0 in ?? ()
#463 0x0000000000f15bf0 in ?? ()
#464 0x0000000000f15bf0 in ?? ()
#465 0x0000000000f15bf0 in ?? ()
#466 0x0000000000f15bf0 in ?? ()
#467 0x0000000000f15bf0 in ?? ()
#468 0x0000000000f15bf0 in ?? ()
#469 0x0000000000f15bf0 in ?? ()
#470 0x0000000000f15bf0 in ?? ()
#471 0x0000000000f15bf0 in ?? ()
#472 0x0000000000f15bf0 in ?? ()
#473 0x0000000000f15bf0 in ?? ()
#474 0x0000000000f15bf0 in ?? ()
#475 0x0000000000f15bf0 in ?? ()
#476 0x0000000000f15bf0 in ?? ()
#477 0x0000000000f15bf0 in ?? ()
#478 0x0000000000f15bf0 in ?? ()
#479 0x0000000000f15bf0 in ?? ()
#480 0x0000000000f15bf0 in ?? ()
#481 0x0000000000f15bf0 in ?? ()
#482 0x0000000000f15bf0 in ?? ()
#483 0x0000000000f15bf0 in ?? ()
#484 0x0000000000f15bf0 in ?? ()
#485 0x0000000000f15bf0 in ?? ()
#486 0x0000000000f15bf0 in ?? ()
#487 0x0000000000f15bf0 in ?? ()
#488 0x0000000000f15bf0 in ?? ()
#489 0x0000000000f15bf0 in ?? ()
#490 0x0000000000f15bf0 in ?? ()
#491 0x0000000000f15bf0 in ?? ()
#492 0x0000000000f15bf0 in ?? ()
#493 0x0000000000f15bf0 in ?? ()
#494 0x0000000000f15bf0 in ?? ()
#495 0x0000000000f15bf0 in ?? ()
#496 0x0000000000f15bf0 in ?? ()
#497 0x0000000000f15bf0 in ?? ()
#498 0x0000000000f15bf0 in ?? ()
#499 0x0000000000f15bf0 in ?? ()
#500 0x0000000000f15bf0 in ?? ()
#501 0x0000000000f15bf0 in ?? ()
#502 0x0000000000f15bf0 in ?? ()
#503 0x0000000000f15bf0 in ?? ()
#504 0x0000000000f15bf0 in ?? ()
#505 0x0000000000f15bf0 in ?? ()
#506 0x0000000000f15bf0 in ?? ()
#507 0x0000000000f15bf0 in ?? ()
#508 0x0000000000f15bf0 in ?? ()
#509 0x0000000000f15bf0 in ?? ()
#510 0x0000000000f15bf0 in ?? ()
#511 0x0000000000f15bf0 in ?? ()
#512 0x0000000000f15bf0 in ?? ()
#513 0x0000000000f15bf0 in ?? ()
#514 0x0000000000f15bf0 in ?? ()
#515 0x0000000000f15bf0 in ?? ()
#516 0x0000000000f15bf0 in ?? ()
#517 0x0000000000f15bf0 in ?? ()
#518 0x0000000000f15bf0 in ?? ()
#519 0x0000000000f15bf0 in ?? ()
#520 0x0000000000f15bf0 in ?? ()
#521 0x0000000000f15bf0 in ?? ()
#522 0x0000000000f15bf0 in ?? ()
#523 0x0000000000f15bf0 in ?? ()
#524 0x0000000000f15bf0 in ?? ()
#525 0x0000000000f15bf0 in ?? ()
#526 0x0000000000f15bf0 in ?? ()
#527 0x0000000000f15bf0 in ?? ()
#528 0x0000000000f15bf0 in ?? ()
#529 0x0000000000f15bf0 in ?? ()
#530 0x0000000000f15bf0 in ?? ()
#531 0x0000000000f15bf0 in ?? ()
#532 0x0000000000f15bf0 in ?? ()
#533 0x0000000000f15bf0 in ?? ()
#534 0x0000000000f15bf0 in ?? ()
#535 0x0000000000f15bf0 in ?? ()
#536 0x0000000000f15bf0 in ?? ()
#537 0x0000000000f15bf0 in ?? ()
#538 0x0000000000f15bf0 in ?? ()
#539 0x0000000000f15bf0 in ?? ()
#540 0x0000000000f15bf0 in ?? ()
#541 0x0000000000f15bf0 in ?? ()
#542 0x0000000000f15bf0 in ?? ()
#543 0x0000000000f15bf0 in ?? ()
#544 0x0000000000f15bf0 in ?? ()
#545 0x0000000000f15bf0 in ?? ()
#546 0x0000000000f15bf0 in ?? ()
#547 0x0000000000f15bf0 in ?? ()
#548 0x0000000000f15bf0 in ?? ()
#549 0x0000000000f15bf0 in ?? ()
#550 0x0000000000f15bf0 in ?? ()
#551 0x0000000000f15bf0 in ?? ()
#552 0x0000000000f15bf0 in ?? ()
#553 0x0000000000f15bf0 in ?? ()
#554 0x0000000000f15bf0 in ?? ()
#555 0x0000000000f15bf0 in ?? ()
#556 0x0000000000f15bf0 in ?? ()
#557 0x0000000000f15bf0 in ?? ()
#558 0x0000000000f15bf0 in ?? ()
#559 0x0000000000f15bf0 in ?? ()
#560 0x0000000000f15bf0 in ?? ()
#561 0x0000000000f15bf0 in ?? ()
#562 0x0000000000f15bf0 in ?? ()
#563 0x0000000000f15bf0 in ?? ()
#564 0x0000000000f15bf0 in ?? ()
#565 0x0000000000f15bf0 in ?? ()
#566 0x0000000000f15bf0 in ?? ()
#567 0x0000000000f15bf0 in ?? ()
#568 0x0000000000f15bf0 in ?? ()
#569 0x0000000000f15bf0 in ?? ()
#570 0x0000000000f15bf0 in ?? ()
#571 0x0000000000f15bf0 in ?? ()
#572 0x0000000000f15bf0 in ?? ()
#573 0x0000000000f15bf0 in ?? ()
#574 0x0000000000f15bf0 in ?? ()
#575 0x0000000000f15bf0 in ?? ()
#576 0x0000000000f15bf0 in ?? ()
#577 0x0000000000f15bf0 in ?? ()
#578 0x0000000000f15bf0 in ?? ()
#579 0x0000000000f15bf0 in ?? ()
#580 0x0000000000f15bf0 in ?? ()
#581 0x0000000000f15bf0 in ?? ()
#582 0x0000000000f15bf0 in ?? ()
#583 0x0000000000f15bf0 in ?? ()
#584 0x0000000000f15bf0 in ?? ()
#585 0x0000000000f15bf0 in ?? ()
#586 0x0000000000f15bf0 in ?? ()
#587 0x0000000000f15bf0 in ?? ()
#588 0x0000000000f15bf0 in ?? ()
#589 0x0000000000f15bf0 in ?? ()
#590 0x0000000000f15bf0 in ?? ()
#591 0x0000000000f15bf0 in ?? ()
#592 0x0000000000f15bf0 in ?? ()
#593 0x0000000000f15bf0 in ?? ()
#594 0x0000000000f15bf0 in ?? ()
#595 0x0000000000f15bf0 in ?? ()
#596 0x0000000000f15bf0 in ?? ()
#597 0x0000000000f15bf0 in ?? ()
#598 0x0000000000f15bf0 in ?? ()
#599 0x0000000000f15bf0 in ?? ()
#600 0x0000000000f15bf0 in ?? ()
#601 0x0000000000f15bf0 in ?? ()
#602 0x0000000000f15bf0 in ?? ()
#603 0x0000000000f15bf0 in ?? ()
#604 0x0000000000f15bf0 in ?? ()
#605 0x0000000000f15bf0 in ?? ()
#606 0x0000000000f15bf0 in ?? ()
#607 0x0000000000f15bf0 in ?? ()
#608 0x0000000000f15bf0 in ?? ()
#609 0x0000000000f15bf0 in ?? ()
#610 0x0000000000f15bf0 in ?? ()
#611 0x0000000000f15bf0 in ?? ()
#612 0x0000000000f15bf0 in ?? ()
#613 0x0000000000f15bf0 in ?? ()
#614 0x0000000000f15bf0 in ?? ()
#615 0x0000000000f15bf0 in ?? ()
#616 0x0000000000f15bf0 in ?? ()
#617 0x0000000000f15bf0 in ?? ()
#618 0x0000000000f15bf0 in ?? ()
#619 0x0000000000f15bf0 in ?? ()
#620 0x0000000000f15bf0 in ?? ()
#621 0x0000000000f15bf0 in ?? ()
#622 0x0000000000f15bf0 in ?? ()
#623 0x0000000000f15bf0 in ?? ()
#624 0x0000000000f15bf0 in ?? ()
#625 0x0000000000f15bf0 in ?? ()
#626 0x0000000000f15bf0 in ?? ()
#627 0x0000000000f15bf0 in ?? ()
#628 0x0000000000f15bf0 in ?? ()
#629 0x0000000000f15bf0 in ?? ()
#630 0x0000000000f15bf0 in ?? ()
#631 0x0000000000f15bf0 in ?? ()
#632 0x0000000000f15bf0 in ?? ()
#633 0x0000000000f15bf0 in ?? ()
#634 0x0000000000f15bf0 in ?? ()
#635 0x0000000000f15bf0 in ?? ()
#636 0x0000000000f15bf0 in ?? ()
#637 0x0000000000f15bf0 in ?? ()
#638 0x0000000000f15bf0 in ?? ()
#639 0x0000000000f15bf0 in ?? ()
#640 0x0000000000f15bf0 in ?? ()
#641 0x0000000000f15bf0 in ?? ()
#642 0x0000000000f15bf0 in ?? ()
#643 0x0000000000f15bf0 in ?? ()
#644 0x0000000000f15bf0 in ?? ()
#645 0x0000000000f15bf0 in ?? ()
#646 0x0000000000f15bf0 in ?? ()
#647 0x0000000000f15bf0 in ?? ()
#648 0x0000000000f15bf0 in ?? ()
#649 0x0000000000f15bf0 in ?? ()
#650 0x0000000000f15bf0 in ?? ()
#651 0x0000000000f15bf0 in ?? ()
#652 0x0000000000f15bf0 in ?? ()
#653 0x0000000000f15bf0 in ?? ()
#654 0x0000000000f15bf0 in ?? ()
#655 0x0000000000f15bf0 in ?? ()
#656 0x0000000000f15bf0 in ?? ()
#657 0x0000000000f15bf0 in ?? ()
#658 0x0000000000f15bf0 in ?? ()
#659 0x0000000000f15bf0 in ?? ()
#660 0x0000000000f15bf0 in ?? ()
#661 0x0000000000f15bf0 in ?? ()
#662 0x0000000000f15bf0 in ?? ()
#663 0x0000000000f15bf0 in ?? ()
#664 0x0000000000f15bf0 in ?? ()
#665 0x0000000000f15bf0 in ?? ()
#666 0x0000000000f15bf0 in ?? ()
#667 0x0000000000f15bf0 in ?? ()
#668 0x0000000000f15bf0 in ?? ()
#669 0x0000000000f15bf0 in ?? ()
#670 0x0000000000f15bf0 in ?? ()
#671 0x0000000000f15bf0 in ?? ()
#672 0x0000000000f15bf0 in ?? ()
#673 0x0000000000f15bf0 in ?? ()
#674 0x0000000000f15bf0 in ?? ()
#675 0x0000000000f15bf0 in ?? ()
#676 0x0000000000f15bf0 in ?? ()
#677 0x0000000000f15bf0 in ?? ()
#678 0x0000000000f15bf0 in ?? ()
#679 0x0000000000f15bf0 in ?? ()
#680 0x0000000000f0b10c in ?? ()
#681 0x0000000000f123f0 in ?? ()
#682 0x000000000058827c in ?? ()
#683 0x0000000000589ee4 in ?? ()
#684 0x0000000000e2bb48 in ?? ()
#685 0x00000000012a25fc in ?? ()
#686 0x00000000012fb81c in ?? ()
#687 0x0000000000023000 in ?? ()
Backtrace stopped: previous frame identical to this frame (corrupt stack?)
